<?xml version="1.0" encoding="UTF-8"?>
<testng-results ignored="2" total="6" passed="3" failed="1" skipped="0">
  <reporter-output>
    <line>
      <![CDATA[applyingForAc--->Execution start]]>
    </line>
    <line>
      <![CDATA[applyingForAc--->failed]]>
    </line>
    <line>
      <![CDATA[demo--->Execution start]]>
    </line>
    <line>
      <![CDATA[test--->Execution start]]>
    </line>
    <line>
      <![CDATA[creditCustomer--->Execution start]]>
    </line>
  </reporter-output>
  <suite started-at="2023-09-21T13:24:41 IST" name="Suite" finished-at="2023-09-21T13:24:56 IST" duration-ms="14470">
    <groups>
      <group name="system">
        <method signature="CreditCustomerTest.creditCustomer()[pri:0, instance:com.testUtility.CreditCustomerTest@795509d9]" name="creditCustomer" class="com.testUtility.CreditCustomerTest"/>
      </group> <!-- system -->
    </groups>
    <test started-at="2023-09-21T13:24:41 IST" name="Test" finished-at="2023-09-21T13:24:56 IST" duration-ms="14470">
      <class name="com.testUtility.CreditCustomerTest">
        <test-method is-config="true" signature="launchBrowse()[pri:0, instance:com.testUtility.CreditCustomerTest@795509d9]" started-at="2023-09-21T13:24:48 IST" name="launchBrowse" finished-at="2023-09-21T13:24:49 IST" duration-ms="1496" status="PASS">
          <reporter-output>
          </reporter-output>
        </test-method> <!-- launchBrowse -->
        <test-method is-config="true" signature="loginapp()[pri:0, instance:com.testUtility.CreditCustomerTest@795509d9]" started-at="2023-09-21T13:24:49 IST" name="loginapp" finished-at="2023-09-21T13:24:51 IST" duration-ms="1855" status="PASS">
          <reporter-output>
          </reporter-output>
        </test-method> <!-- loginapp -->
        <test-method signature="creditCustomer()[pri:0, instance:com.testUtility.CreditCustomerTest@795509d9]" started-at="2023-09-21T13:24:51 IST" name="creditCustomer" finished-at="2023-09-21T13:24:55 IST" duration-ms="4070" status="PASS">
          <reporter-output>
            <line>
              <![CDATA[creditCustomer--->Execution start]]>
            </line>
          </reporter-output>
        </test-method> <!-- creditCustomer -->
        <test-method is-config="true" signature="closeBrowser()[pri:0, instance:com.testUtility.CreditCustomerTest@795509d9]" started-at="2023-09-21T13:24:55 IST" name="closeBrowser" finished-at="2023-09-21T13:24:56 IST" duration-ms="321" status="PASS">
          <reporter-output>
          </reporter-output>
        </test-method> <!-- closeBrowser -->
      </class> <!-- com.testUtility.CreditCustomerTest -->
      <class name="com.testUtility.ApplyingForAc">
        <test-method is-config="true" signature="connectDB()[pri:0, instance:com.testUtility.ApplyingForAc@58cbafc2]" started-at="2023-09-21T13:24:41 IST" name="connectDB" finished-at="2023-09-21T13:24:41 IST" duration-ms="411" status="PASS">
          <reporter-output>
          </reporter-output>
        </test-method> <!-- connectDB -->
        <test-method is-config="true" signature="launchBrowse()[pri:0, instance:com.testUtility.ApplyingForAc@58cbafc2]" started-at="2023-09-21T13:24:42 IST" name="launchBrowse" finished-at="2023-09-21T13:24:45 IST" duration-ms="3188" status="PASS">
          <reporter-output>
          </reporter-output>
        </test-method> <!-- launchBrowse -->
        <test-method is-config="true" signature="loginapp()[pri:0, instance:com.testUtility.ApplyingForAc@58cbafc2]" started-at="2023-09-21T13:24:45 IST" name="loginapp" finished-at="2023-09-21T13:24:46 IST" duration-ms="1501" status="PASS">
          <reporter-output>
          </reporter-output>
        </test-method> <!-- loginapp -->
        <test-method signature="applyingForAc()[pri:0, instance:com.testUtility.ApplyingForAc@58cbafc2]" started-at="2023-09-21T13:24:46 IST" name="applyingForAc" finished-at="2023-09-21T13:24:47 IST" duration-ms="505" status="FAIL">
          <exception class="java.lang.AssertionError">
            <message>
              <![CDATA[null]]>
            </message>
            <full-stacktrace>
              <![CDATA[java.lang.AssertionError: null
at org.testng.Assert.fail(Assert.java:110)
at org.testng.Assert.fail(Assert.java:115)
at com.testUtility.ApplyingForAc.applyingForAc(ApplyingForAc.java:25)
at java.base/jdk.internal.reflect.NativeMethodAccessorImpl.invoke0(Native Method)
at java.base/jdk.internal.reflect.NativeMethodAccessorImpl.invoke(NativeMethodAccessorImpl.java:77)
at java.base/jdk.internal.reflect.DelegatingMethodAccessorImpl.invoke(DelegatingMethodAccessorImpl.java:43)
at java.base/java.lang.reflect.Method.invoke(Method.java:568)
at org.testng.internal.invokers.MethodInvocationHelper.invokeMethod(MethodInvocationHelper.java:139)
at org.testng.internal.invokers.TestInvoker.invokeMethod(TestInvoker.java:677)
at org.testng.internal.invokers.TestInvoker.invokeTestMethod(TestInvoker.java:221)
at org.testng.internal.invokers.MethodRunner.runInSequence(MethodRunner.java:50)
at org.testng.internal.invokers.TestInvoker$MethodInvocationAgent.invoke(TestInvoker.java:969)
at org.testng.internal.invokers.TestInvoker.invokeTestMethods(TestInvoker.java:194)
at org.testng.internal.invokers.TestMethodWorker.invokeTestMethods(TestMethodWorker.java:148)
at org.testng.internal.invokers.TestMethodWorker.run(TestMethodWorker.java:128)
at java.base/java.util.ArrayList.forEach(ArrayList.java:1511)
at org.testng.TestRunner.privateRun(TestRunner.java:829)
at org.testng.TestRunner.run(TestRunner.java:602)
at org.testng.SuiteRunner.runTest(SuiteRunner.java:437)
at org.testng.SuiteRunner$SuiteWorker.run(SuiteRunner.java:475)
at org.testng.internal.thread.ThreadUtil.lambda$execute$0(ThreadUtil.java:58)
at java.base/java.util.concurrent.FutureTask.run(FutureTask.java:264)
at java.base/java.util.concurrent.ThreadPoolExecutor.runWorker(ThreadPoolExecutor.java:1136)
at java.base/java.util.concurrent.ThreadPoolExecutor$Worker.run(ThreadPoolExecutor.java:635)
at java.base/java.lang.Thread.run(Thread.java:833)
]]>
            </full-stacktrace>
          </exception> <!-- java.lang.AssertionError -->
          <reporter-output>
            <line>
              <![CDATA[applyingForAc--->Execution start]]>
            </line>
            <line>
              <![CDATA[applyingForAc--->failed]]>
            </line>
          </reporter-output>
        </test-method> <!-- applyingForAc -->
        <test-method is-config="true" signature="loginapp()[pri:0, instance:com.testUtility.ApplyingForAc@58cbafc2]" started-at="2023-09-21T13:24:47 IST" name="loginapp" finished-at="2023-09-21T13:24:47 IST" duration-ms="108" status="PASS">
          <reporter-output>
          </reporter-output>
        </test-method> <!-- loginapp -->
        <test-method signature="demo()[pri:0, instance:com.testUtility.ApplyingForAc@58cbafc2]" started-at="2023-09-21T13:24:47 IST" name="demo" finished-at="2023-09-21T13:24:47 IST" duration-ms="2" status="PASS">
          <reporter-output>
            <line>
              <![CDATA[demo--->Execution start]]>
            </line>
          </reporter-output>
        </test-method> <!-- demo -->
        <test-method is-config="true" signature="loginapp()[pri:0, instance:com.testUtility.ApplyingForAc@58cbafc2]" started-at="2023-09-21T13:24:47 IST" name="loginapp" finished-at="2023-09-21T13:24:47 IST" duration-ms="90" status="PASS">
          <reporter-output>
          </reporter-output>
        </test-method> <!-- loginapp -->
        <test-method signature="test()[pri:0, instance:com.testUtility.ApplyingForAc@58cbafc2]" started-at="2023-09-21T13:24:47 IST" name="test" finished-at="2023-09-21T13:24:48 IST" duration-ms="11" status="PASS">
          <reporter-output>
            <line>
              <![CDATA[test--->Execution start]]>
            </line>
          </reporter-output>
        </test-method> <!-- test -->
        <test-method is-config="true" signature="closeBrowser()[pri:0, instance:com.testUtility.ApplyingForAc@58cbafc2]" started-at="2023-09-21T13:24:48 IST" name="closeBrowser" finished-at="2023-09-21T13:24:48 IST" duration-ms="447" status="PASS">
          <reporter-output>
          </reporter-output>
        </test-method> <!-- closeBrowser -->
        <test-method is-config="true" signature="closeDb()[pri:0, instance:com.testUtility.ApplyingForAc@58cbafc2]" started-at="2023-09-21T13:24:56 IST" name="closeDb" finished-at="2023-09-21T13:24:56 IST" duration-ms="7" status="PASS">
          <reporter-output>
          </reporter-output>
        </test-method> <!-- closeDb -->
      </class> <!-- com.testUtility.ApplyingForAc -->
    </test> <!-- Test -->
  </suite> <!-- Suite -->
</testng-results>
